


log for valid -V cube.ieq 

input file cube.ieq o.k.
dimension              :    8 
number of equations    :    0 
number of inequalities :   12 

computing all valid integral points .

number of valid integral points : 35

integral points written to file cube.poi



log for xporta -T cube.poi 

input file cube.poi o.k.
dimension              :    8 
number of cone-points  :    0 
number of conv-points  :   35 

GAUSS - ELIMINATION:
| iter- |     # equa |  # ineq  |   max| long|   non- |     mem |  cpu-time | real-time |
| ation |            |          |  bit-|arith|  zeros |    used |      used |      used |
|       |            |          |length|metic|   in % |   in kB |    in sec |    in sec |
|-------|------------|----------|------|-----|--------|---------|-----------|-----------|
|     9 |          9 |        1 |    1 |   n |   0.28 |      58 |      0.00 |      0.00 |
|     8 |          8 |        2 |    1 |   n |   0.26 |      58 |      0.00 |      0.00 |
|     7 |          7 |        3 |    1 |   n |   0.26 |      58 |      0.00 |      0.00 |
|     6 |          6 |        4 |    1 |   n |   0.27 |      58 |      0.00 |      0.00 |
|     5 |          5 |        5 |    2 |   n |   0.28 |      58 |      0.00 |      0.00 |
|     4 |          4 |        6 |    2 |   n |   0.30 |      58 |      0.00 |      0.00 |
|     3 |          3 |        7 |    2 |   n |   0.32 |      58 |      0.00 |      0.00 |
|     2 |          2 |        8 |    2 |   n |   0.33 |      58 |      0.00 |      0.00 |
|     1 |          1 |        9 |    2 |   n |   0.34 |      58 |      0.00 |      0.00 |

FOURIER - MOTZKIN - ELIMINATION:
| iter- |      upper |  # ineq  |   max| long|   non- |     mem |  cpu-time | real-time |
| ation |      bound |          |  bit-|arith|  zeros |    used |      used |      used |
|       |     # ineq |          |length|metic|   in % |   in kB |    in sec |    in sec |
|-------|------------|----------|------|-----|--------|---------|-----------|-----------|
|    26 |         10 |       10 |    1 |   n |   0.12 |     852 |      0.00 |      0.00 |
|    25 |         12 |       12 |    1 |   n |   0.17 |     852 |      0.00 |      0.00 |
|    24 |         14 |       12 |    1 |   n |   0.18 |     852 |      0.00 |      0.00 |
|    23 |         18 |       16 |    2 |   n |   0.26 |     852 |      0.00 |      0.00 |
|    22 |         20 |       14 |    1 |   n |   0.23 |     852 |      0.00 |      0.00 |
|    21 |         17 |       13 |    1 |   n |   0.22 |     852 |      0.00 |      0.00 |
|    20 |         16 |       14 |    1 |   n |   0.26 |     852 |      0.00 |      0.00 |
|    19 |         17 |       15 |    2 |   n |   0.29 |     852 |      0.00 |      0.00 |
|    18 |         19 |       19 |    2 |   n |   0.37 |     852 |      0.00 |      0.00 |
|    17 |         27 |       15 |    1 |   n |   0.29 |     852 |      0.00 |      0.00 |
|    16 |         18 |       15 |    1 |   n |   0.31 |     852 |      0.00 |      0.00 |
|    15 |         21 |       17 |    2 |   n |   0.38 |     852 |      0.00 |      0.00 |
|    14 |         23 |       23 |    2 |   n |   0.48 |     852 |      0.00 |      0.00 |
|    13 |         38 |       18 |    2 |   n |   0.39 |     852 |      0.00 |      0.00 |
|    12 |         24 |       24 |    2 |   n |   0.49 |     852 |      0.00 |      0.00 |
|    11 |         40 |       20 |    2 |   n |   0.43 |     852 |      0.00 |      0.00 |
|    10 |         35 |       23 |    2 |   n |   0.48 |     852 |      0.00 |      0.00 |
|     9 |         41 |       17 |    1 |   n |   0.36 |     852 |      0.00 |      0.00 |
|     8 |         20 |       17 |    1 |   n |   0.38 |     852 |      0.00 |      0.00 |
|     7 |         23 |       19 |    2 |   n |   0.45 |     852 |      0.00 |      0.00 |
|     6 |         31 |       28 |    2 |   n |   0.59 |     853 |      0.00 |      0.00 |
|     5 |         52 |       20 |    2 |   n |   0.47 |     853 |      0.00 |      0.00 |
|     4 |         34 |       34 |    2 |   n |   0.64 |     853 |      0.00 |      0.00 |
|     3 |         69 |       27 |    2 |   n |   0.57 |     853 |      0.00 |      0.00 |
|     2 |         62 |       32 |    2 |   n |   0.62 |     853 |      0.00 |      0.00 |
|     1 |         68 |       20 |    1 |   n |   0.46 |     853 |      0.00 |      0.00 |

sum of inequalities over all iterations :    494
maximal number of inequalities          :     34

transformation to integer values 
sorting system 

number of equations    :    0 
number of inequalities :   20 

output written to file cube.poi.ieq




log for valid -V hypercube.ieq 

input file hypercube.ieq o.k.
dimension              :   16 
number of equations    :    0 
number of inequalities :   32 

computing all valid integral points ....................................................................................................................................

number of valid integral points : 713

integral points written to file hypercube.poi



log for xporta -T hypercube.poi 

input file hypercube.poi o.k.
dimension              :   16 
number of cone-points  :    0 
number of conv-points  :  713 

GAUSS - ELIMINATION:
| iter- |     # equa |  # ineq  |   max| long|   non- |     mem |  cpu-time | real-time |
| ation |            |          |  bit-|arith|  zeros |    used |      used |      used |
|       |            |          |length|metic|   in % |   in kB |    in sec |    in sec |
|-------|------------|----------|------|-----|--------|---------|-----------|-----------|
|    17 |         17 |        1 |    1 |   n |   0.26 |     635 |      0.00 |      0.00 |
|    16 |         16 |        2 |    1 |   n |   0.25 |     635 |      0.00 |      0.00 |
|    15 |         15 |        3 |    1 |   n |   0.24 |     635 |      0.00 |      0.00 |
|    14 |         14 |        4 |    1 |   n |   0.24 |     635 |      0.00 |      0.01 |
|    13 |         13 |        5 |    2 |   n |   0.25 |     635 |      0.00 |      0.01 |
|    12 |         12 |        6 |    2 |   n |   0.25 |     635 |      0.00 |      0.01 |
|    11 |         11 |        7 |    2 |   n |   0.25 |     635 |      0.00 |      0.01 |
|    10 |         10 |        8 |    2 |   n |   0.26 |     635 |      0.00 |      0.01 |
|     9 |          9 |        9 |    3 |   n |   0.26 |     635 |      0.00 |      0.01 |
|     8 |          8 |       10 |    3 |   n |   0.27 |     635 |      0.00 |      0.01 |
|     7 |          7 |       11 |    3 |   n |   0.27 |     635 |      0.00 |      0.01 |
|     6 |          6 |       12 |    3 |   n |   0.27 |     635 |      0.00 |      0.01 |
|     5 |          5 |       13 |    3 |   n |   0.27 |     635 |      0.00 |      0.01 |
|     4 |          4 |       14 |    3 |   n |   0.28 |     635 |      0.00 |      0.01 |
|     3 |          3 |       15 |    3 |   n |   0.28 |     635 |      0.00 |      0.01 |
|     2 |          2 |       16 |    3 |   n |   0.28 |     635 |      0.01 |      0.02 |
|     1 |          1 |       17 |    3 |   n |   0.28 |     635 |      0.01 |      0.02 |

FOURIER - MOTZKIN - ELIMINATION:
| iter- |      upper |  # ineq  |   max| long|   non- |     mem |  cpu-time | real-time |
| ation |      bound |          |  bit-|arith|  zeros |    used |      used |      used |
|       |     # ineq |          |length|metic|   in % |   in kB |    in sec |    in sec |
|-------|------------|----------|------|-----|--------|---------|-----------|-----------|
|   696 |         18 |       18 |    1 |   n |   0.06 |    1238 |      0.01 |      0.02 |
|   695 |         20 |       20 |    1 |   n |   0.08 |    1239 |      0.01 |      0.02 |
|   694 |         22 |       20 |    1 |   n |   0.08 |    1239 |      0.01 |      0.02 |
|   693 |         26 |       24 |    2 |   n |   0.12 |    1239 |      0.01 |      0.02 |
|   692 |         28 |       22 |    1 |   n |   0.10 |    1239 |      0.01 |      0.02 |
|   691 |         25 |       21 |    1 |   n |   0.10 |    1239 |      0.01 |      0.02 |
|   690 |         24 |       22 |    1 |   n |   0.11 |    1239 |      0.01 |      0.02 |
|   689 |         25 |       23 |    2 |   n |   0.13 |    1239 |      0.01 |      0.02 |
|   688 |         27 |       27 |    2 |   n |   0.16 |    1239 |      0.01 |      0.02 |
|   687 |         35 |       23 |    1 |   n |   0.12 |    1239 |      0.01 |      0.02 |
|   686 |         26 |       23 |    1 |   n |   0.13 |    1239 |      0.01 |      0.02 |
|   685 |         29 |       25 |    2 |   n |   0.16 |    1239 |      0.01 |      0.02 |
|   684 |         31 |       31 |    2 |   n |   0.21 |    1240 |      0.01 |      0.02 |
|   683 |         46 |       26 |    2 |   n |   0.17 |    1240 |      0.01 |      0.02 |
|   682 |         32 |       32 |    2 |   n |   0.22 |    1240 |      0.01 |      0.02 |
|   681 |         48 |       28 |    2 |   n |   0.19 |    1240 |      0.01 |      0.02 |
|   680 |         43 |       31 |    2 |   n |   0.21 |    1240 |      0.01 |      0.02 |
|   679 |         49 |       25 |    1 |   n |   0.16 |    1240 |      0.01 |      0.02 |
|   678 |         28 |       25 |    1 |   n |   0.16 |    1240 |      0.01 |      0.02 |
|   677 |         31 |       27 |    2 |   n |   0.19 |    1240 |      0.01 |      0.02 |
|   676 |         39 |       36 |    2 |   n |   0.27 |    1240 |      0.01 |      0.02 |
|   675 |         60 |       28 |    2 |   n |   0.20 |    1240 |      0.01 |      0.02 |
|   674 |         42 |       42 |    2 |   n |   0.30 |    1241 |      0.01 |      0.02 |
|   673 |         77 |       35 |    2 |   n |   0.26 |    1241 |      0.01 |      0.02 |
|   672 |         70 |       40 |    2 |   n |   0.29 |    1241 |      0.01 |      0.02 |
|   671 |         76 |       28 |    1 |   n |   0.20 |    1241 |      0.01 |      0.02 |
|   670 |         31 |       28 |    1 |   n |   0.20 |    1241 |      0.01 |      0.02 |
|   669 |         40 |       35 |    2 |   n |   0.28 |    1241 |      0.01 |      0.02 |
|   668 |         49 |       28 |    1 |   n |   0.21 |    1241 |      0.01 |      0.02 |
|   667 |         33 |       30 |    2 |   n |   0.24 |    1241 |      0.01 |      0.02 |
|   666 |         60 |       50 |    2 |   n |   0.36 |    1242 |      0.01 |      0.02 |
|   665 |        106 |       42 |    2 |   n |   0.33 |    1242 |      0.01 |      0.02 |
|   664 |         98 |       45 |    3 |   n |   0.34 |    1242 |      0.01 |      0.02 |
|   663 |         89 |       34 |    2 |   n |   0.27 |    1242 |      0.01 |      0.02 |
|   662 |         52 |       31 |    2 |   n |   0.25 |    1242 |      0.01 |      0.02 |
|   661 |         42 |       40 |    2 |   n |   0.32 |    1242 |      0.01 |      0.02 |
|   660 |         72 |       36 |    2 |   n |   0.29 |    1242 |      0.01 |      0.02 |
|   659 |         57 |       33 |    2 |   n |   0.27 |    1242 |      0.01 |      0.02 |
|   658 |         47 |       47 |    2 |   n |   0.35 |    1242 |      0.01 |      0.02 |
|   657 |         97 |       42 |    2 |   n |   0.33 |    1242 |      0.01 |      0.02 |
|   656 |         72 |       41 |    3 |   n |   0.32 |    1242 |      0.01 |      0.02 |
|   655 |         71 |       49 |    3 |   n |   0.36 |    1242 |      0.01 |      0.02 |
|   654 |        127 |       36 |    2 |   n |   0.29 |    1242 |      0.01 |      0.02 |
|   653 |         46 |       35 |    2 |   n |   0.29 |    1242 |      0.01 |      0.02 |
|   652 |         51 |       35 |    2 |   n |   0.29 |    1242 |      0.01 |      0.02 |
|   651 |         53 |       41 |    3 |   n |   0.33 |    1242 |      0.01 |      0.02 |
|   650 |         89 |       33 |    2 |   n |   0.27 |    1242 |      0.01 |      0.02 |
|   649 |         49 |       43 |    2 |   n |   0.34 |    1242 |      0.01 |      0.02 |
|   648 |         85 |       36 |    2 |   n |   0.29 |    1242 |      0.01 |      0.02 |
|   647 |         78 |       41 |    3 |   n |   0.33 |    1242 |      0.01 |      0.02 |
|   646 |         89 |       29 |    1 |   n |   0.23 |    1242 |      0.01 |      0.02 |
|   645 |         33 |       30 |    1 |   n |   0.25 |    1242 |      0.01 |      0.02 |
|   644 |         38 |       34 |    2 |   n |   0.29 |    1242 |      0.01 |      0.02 |
|   643 |         50 |       45 |    2 |   n |   0.37 |    1242 |      0.01 |      0.02 |
|   642 |         81 |       33 |    2 |   n |   0.29 |    1242 |      0.01 |      0.02 |
|   641 |         55 |       50 |    2 |   n |   0.40 |    1242 |      0.01 |      0.02 |
|   640 |        110 |       40 |    2 |   n |   0.35 |    1242 |      0.01 |      0.02 |
|   639 |         72 |       36 |    2 |   n |   0.32 |    1242 |      0.01 |      0.02 |
|   638 |         46 |       43 |    2 |   n |   0.36 |    1242 |      0.01 |      0.02 |
|   637 |         91 |       40 |    2 |   n |   0.35 |    1242 |      0.01 |      0.02 |
|   636 |         72 |       48 |    2 |   n |   0.39 |    1242 |      0.01 |      0.02 |
|   635 |        116 |       31 |    2 |   n |   0.27 |    1242 |      0.01 |      0.02 |
|   634 |         53 |       51 |    2 |   n |   0.40 |    1242 |      0.01 |      0.02 |
|   633 |        123 |       47 |    2 |   n |   0.38 |    1243 |      0.01 |      0.02 |
|   632 |         95 |       50 |    2 |   n |   0.39 |    1243 |      0.01 |      0.02 |
|   631 |         78 |       59 |    3 |   n |   0.43 |    1243 |      0.01 |      0.02 |
|   630 |        161 |       42 |    2 |   n |   0.36 |    1243 |      0.01 |      0.02 |
|   629 |         78 |       57 |    2 |   n |   0.42 |    1243 |      0.01 |      0.02 |
|   628 |        159 |       46 |    3 |   n |   0.38 |    1243 |      0.01 |      0.02 |
|   627 |        102 |       56 |    3 |   n |   0.42 |    1244 |      0.01 |      0.02 |
|   626 |        152 |       32 |    1 |   n |   0.28 |    1244 |      0.01 |      0.02 |
|   625 |         43 |       39 |    2 |   n |   0.34 |    1244 |      0.01 |      0.02 |
|   624 |         71 |       35 |    2 |   n |   0.31 |    1244 |      0.01 |      0.02 |
|   623 |         53 |       34 |    2 |   n |   0.30 |    1244 |      0.01 |      0.02 |
|   622 |         52 |       38 |    2 |   n |   0.33 |    1244 |      0.01 |      0.02 |
|   621 |         87 |       31 |    1 |   n |   0.27 |    1244 |      0.01 |      0.02 |
|   620 |         35 |       31 |    1 |   n |   0.28 |    1244 |      0.01 |      0.03 |
|   619 |         43 |       37 |    2 |   n |   0.35 |    1244 |      0.01 |      0.03 |
|   618 |         59 |       54 |    2 |   n |   0.45 |    1244 |      0.01 |      0.03 |
|   617 |        118 |       38 |    2 |   n |   0.36 |    1244 |      0.01 |      0.03 |
|   616 |         68 |       62 |    2 |   n |   0.48 |    1244 |      0.01 |      0.03 |
|   615 |        170 |       44 |    2 |   n |   0.40 |    1244 |      0.01 |      0.03 |
|   614 |         84 |       40 |    2 |   n |   0.38 |    1244 |      0.01 |      0.03 |
|   613 |         78 |       68 |    2 |   n |   0.49 |    1244 |      0.01 |      0.03 |
|   612 |        244 |       55 |    2 |   n |   0.45 |    1244 |      0.01 |      0.03 |
|   611 |        163 |       56 |    3 |   n |   0.46 |    1244 |      0.01 |      0.03 |
|   610 |         86 |       68 |    3 |   n |   0.49 |    1244 |      0.01 |      0.03 |
|   609 |        224 |       42 |    2 |   n |   0.39 |    1244 |      0.01 |      0.03 |
|   608 |         58 |       58 |    3 |   n |   0.46 |    1244 |      0.02 |      0.03 |
|   607 |        178 |       60 |    3 |   n |   0.47 |    1244 |      0.02 |      0.03 |
|   606 |        168 |       75 |    3 |   n |   0.51 |    1246 |      0.02 |      0.03 |
|   605 |        283 |       49 |    3 |   n |   0.43 |    1246 |      0.02 |      0.03 |
|   604 |        105 |       72 |    3 |   n |   0.50 |    1246 |      0.02 |      0.03 |
|   603 |        261 |       58 |    3 |   n |   0.46 |    1246 |      0.02 |      0.03 |
|   602 |        178 |       71 |    3 |   n |   0.50 |    1246 |      0.02 |      0.03 |
|   601 |        231 |       39 |    2 |   n |   0.37 |    1246 |      0.02 |      0.03 |
|   600 |         55 |       46 |    3 |   n |   0.41 |    1246 |      0.02 |      0.03 |
|   599 |        112 |       40 |    2 |   n |   0.38 |    1246 |      0.02 |      0.03 |
|   598 |         60 |       46 |    3 |   n |   0.41 |    1246 |      0.02 |      0.03 |
|   597 |         76 |       44 |    3 |   n |   0.40 |    1246 |      0.02 |      0.03 |
|   596 |        100 |       36 |    2 |   n |   0.34 |    1246 |      0.02 |      0.03 |
|   595 |         52 |       52 |    3 |   n |   0.44 |    1246 |      0.02 |      0.03 |
|   594 |        117 |       56 |    3 |   n |   0.46 |    1246 |      0.02 |      0.03 |
|   593 |        144 |       81 |    3 |   n |   0.52 |    1246 |      0.02 |      0.03 |
|   592 |        323 |       59 |    3 |   n |   0.47 |    1246 |      0.02 |      0.03 |
|   591 |        128 |       66 |    3 |   n |   0.49 |    1246 |      0.02 |      0.03 |
|   590 |        210 |       57 |    3 |   n |   0.46 |    1246 |      0.02 |      0.03 |
|   589 |        114 |       69 |    3 |   n |   0.50 |    1246 |      0.02 |      0.03 |
|   588 |        256 |       59 |    4 |   n |   0.47 |    1246 |      0.02 |      0.03 |
|   587 |        164 |       75 |    4 |   n |   0.51 |    1246 |      0.02 |      0.03 |
|   586 |        285 |       45 |    2 |   n |   0.41 |    1246 |      0.02 |      0.03 |
|   585 |         69 |       62 |    2 |   n |   0.48 |    1246 |      0.02 |      0.03 |
|   584 |        179 |       59 |    3 |   n |   0.47 |    1246 |      0.02 |      0.03 |
|   583 |        143 |       71 |    3 |   n |   0.50 |    1246 |      0.02 |      0.03 |
|   582 |        232 |       48 |    3 |   n |   0.42 |    1246 |      0.02 |      0.03 |
|   581 |        147 |       76 |    3 |   n |   0.51 |    1246 |      0.02 |      0.03 |
|   580 |        258 |       54 |    3 |   n |   0.45 |    1246 |      0.02 |      0.03 |
|   579 |        189 |       67 |    3 |   n |   0.49 |    1246 |      0.02 |      0.03 |
|   578 |        227 |       35 |    2 |   n |   0.33 |    1246 |      0.02 |      0.03 |
|   577 |         47 |       40 |    2 |   n |   0.38 |    1246 |      0.02 |      0.03 |
|   576 |         85 |       35 |    2 |   n |   0.33 |    1246 |      0.02 |      0.03 |
|   575 |         55 |       33 |    1 |   n |   0.31 |    1246 |      0.02 |      0.03 |
|   574 |         37 |       33 |    1 |   n |   0.32 |    1246 |      0.02 |      0.03 |
|   573 |         45 |       39 |    2 |   n |   0.39 |    1246 |      0.02 |      0.03 |
|   572 |         72 |       63 |    2 |   n |   0.52 |    1246 |      0.02 |      0.03 |
|   571 |        151 |       41 |    2 |   n |   0.41 |    1246 |      0.02 |      0.03 |
|   570 |         69 |       67 |    2 |   n |   0.53 |    1246 |      0.02 |      0.03 |
|   569 |        193 |       54 |    2 |   n |   0.48 |    1246 |      0.02 |      0.04 |
|   568 |        180 |       77 |    3 |   n |   0.56 |    1247 |      0.02 |      0.04 |
|   567 |        229 |       39 |    2 |   n |   0.39 |    1247 |      0.02 |      0.04 |
|   566 |         54 |       49 |    2 |   n |   0.46 |    1247 |      0.02 |      0.04 |
|   565 |        113 |       41 |    2 |   n |   0.41 |    1247 |      0.02 |      0.04 |
|   564 |         71 |       40 |    2 |   n |   0.40 |    1247 |      0.02 |      0.04 |
|   563 |         57 |       54 |    3 |   n |   0.49 |    1247 |      0.02 |      0.04 |
|   562 |        162 |       52 |    3 |   n |   0.48 |    1247 |      0.02 |      0.04 |
|   561 |        116 |       55 |    3 |   n |   0.49 |    1247 |      0.02 |      0.04 |
|   560 |        103 |       59 |    3 |   n |   0.51 |    1247 |      0.02 |      0.04 |
|   559 |        185 |       41 |    2 |   n |   0.41 |    1247 |      0.02 |      0.04 |
|   558 |         60 |       60 |    3 |   n |   0.51 |    1247 |      0.02 |      0.04 |
|   557 |        160 |       50 |    2 |   n |   0.46 |    1247 |      0.02 |      0.04 |
|   556 |         98 |       59 |    3 |   n |   0.50 |    1247 |      0.02 |      0.04 |
|   555 |        127 |       85 |    3 |   n |   0.57 |    1247 |      0.02 |      0.04 |
|   554 |        330 |       50 |    2 |   n |   0.47 |    1247 |      0.02 |      0.04 |
|   553 |         76 |       70 |    3 |   n |   0.54 |    1247 |      0.03 |      0.04 |
|   552 |        214 |       63 |    3 |   n |   0.52 |    1247 |      0.03 |      0.04 |
|   551 |        207 |       86 |    3 |   n |   0.57 |    1248 |      0.03 |      0.04 |
|   550 |        326 |       38 |    2 |   n |   0.39 |    1248 |      0.03 |      0.04 |
|   549 |         72 |       72 |    3 |   n |   0.54 |    1248 |      0.03 |      0.04 |
|   548 |        198 |       72 |    3 |   n |   0.54 |    1248 |      0.03 |      0.04 |
|   547 |        270 |      106 |    3 |   n |   0.60 |    1250 |      0.03 |      0.04 |
|   546 |        502 |       70 |    3 |   n |   0.54 |    1250 |      0.03 |      0.04 |
|   545 |        260 |      100 |    3 |   n |   0.59 |    1250 |      0.03 |      0.04 |
|   544 |        425 |       76 |    3 |   n |   0.55 |    1250 |      0.03 |      0.04 |
|   543 |        401 |      103 |    4 |   n |   0.60 |    1251 |      0.03 |      0.04 |
|   542 |        474 |       50 |    2 |   n |   0.46 |    1251 |      0.03 |      0.04 |
|   541 |         86 |       62 |    2 |   n |   0.51 |    1251 |      0.03 |      0.04 |
|   540 |        179 |       53 |    2 |   n |   0.48 |    1251 |      0.03 |      0.04 |
|   539 |         99 |       79 |    3 |   n |   0.56 |    1251 |      0.03 |      0.04 |
|   538 |        289 |       64 |    3 |   n |   0.52 |    1251 |      0.03 |      0.04 |
|   537 |        168 |       56 |    2 |   n |   0.49 |    1251 |      0.03 |      0.04 |
|   536 |         82 |       76 |    2 |   n |   0.55 |    1251 |      0.03 |      0.05 |
|   535 |        216 |       76 |    3 |   n |   0.55 |    1251 |      0.03 |      0.05 |
|   534 |        286 |      106 |    3 |   n |   0.60 |    1251 |      0.03 |      0.05 |
|   533 |        442 |       58 |    3 |   n |   0.50 |    1251 |      0.03 |      0.05 |
|   532 |        190 |      118 |    3 |   n |   0.61 |    1251 |      0.03 |      0.05 |
|   531 |        446 |       83 |    3 |   n |   0.57 |    1251 |      0.04 |      0.05 |
|   530 |        411 |      114 |    3 |   n |   0.61 |    1254 |      0.04 |      0.05 |
|   529 |        504 |       36 |    1 |   n |   0.36 |    1254 |      0.04 |      0.05 |
|   528 |         40 |       36 |    1 |   n |   0.37 |    1254 |      0.04 |      0.05 |
|   527 |         48 |       42 |    2 |   n |   0.43 |    1254 |      0.04 |      0.05 |
|   526 |         75 |       66 |    2 |   n |   0.56 |    1254 |      0.04 |      0.05 |
|   525 |        154 |       44 |    2 |   n |   0.45 |    1254 |      0.04 |      0.05 |
|   524 |         70 |       60 |    2 |   n |   0.54 |    1254 |      0.04 |      0.05 |
|   523 |        156 |       44 |    2 |   n |   0.45 |    1254 |      0.04 |      0.05 |
|   522 |         80 |       78 |    2 |   n |   0.60 |    1254 |      0.04 |      0.05 |
|   521 |        258 |       65 |    2 |   n |   0.56 |    1254 |      0.04 |      0.05 |
|   520 |        185 |       61 |    3 |   n |   0.55 |    1254 |      0.04 |      0.05 |
|   519 |        178 |       88 |    3 |   n |   0.62 |    1254 |      0.04 |      0.05 |
|   518 |        340 |       46 |    2 |   n |   0.47 |    1254 |      0.04 |      0.05 |
|   517 |         90 |       84 |    3 |   n |   0.61 |    1254 |      0.04 |      0.05 |
|   516 |        322 |       76 |    3 |   n |   0.59 |    1254 |      0.04 |      0.05 |
|   515 |        274 |       82 |    3 |   n |   0.60 |    1254 |      0.04 |      0.05 |
|   514 |        361 |      136 |    4 |   n |   0.67 |    1254 |      0.04 |      0.05 |
|   513 |        832 |       78 |    3 |   n |   0.59 |    1254 |      0.04 |      0.05 |
|   512 |        118 |      100 |    3 |   n |   0.63 |    1254 |      0.04 |      0.05 |
|   511 |        425 |       83 |    3 |   n |   0.61 |    1254 |      0.04 |      0.05 |
|   510 |        408 |      115 |    3 |   n |   0.65 |    1254 |      0.04 |      0.05 |
|   509 |        505 |       50 |    2 |   n |   0.49 |    1254 |      0.04 |      0.06 |
|   508 |         72 |       57 |    3 |   n |   0.53 |    1254 |      0.04 |      0.06 |
|   507 |        177 |       49 |    2 |   n |   0.49 |    1254 |      0.04 |      0.06 |
|   506 |         79 |       58 |    3 |   n |   0.53 |    1254 |      0.04 |      0.06 |
|   505 |         92 |       70 |    3 |   n |   0.58 |    1254 |      0.04 |      0.06 |
|   504 |        270 |       45 |    2 |   n |   0.46 |    1254 |      0.04 |      0.06 |
|   503 |         93 |       89 |    3 |   n |   0.62 |    1254 |      0.04 |      0.06 |
|   502 |        393 |       77 |    3 |   n |   0.60 |    1254 |      0.04 |      0.06 |
|   501 |        371 |      117 |    3 |   n |   0.66 |    1254 |      0.04 |      0.06 |
|   500 |        765 |       63 |    3 |   n |   0.56 |    1254 |      0.04 |      0.06 |
|   499 |        147 |       79 |    3 |   n |   0.60 |    1254 |      0.04 |      0.06 |
|   498 |        235 |      134 |    3 |   n |   0.67 |    1254 |      0.05 |      0.06 |
|   497 |        948 |      100 |    3 |   n |   0.64 |    1254 |      0.05 |      0.06 |
|   496 |        500 |       75 |    3 |   n |   0.59 |    1254 |      0.05 |      0.06 |
|   495 |        231 |      139 |    3 |   n |   0.68 |    1254 |      0.05 |      0.06 |
|   494 |        939 |      103 |    3 |   n |   0.64 |    1254 |      0.05 |      0.06 |
|   493 |        653 |      115 |    4 |   n |   0.66 |    1254 |      0.05 |      0.06 |
|   492 |        259 |      147 |    4 |   n |   0.68 |    1254 |      0.05 |      0.06 |
|   491 |        961 |       73 |    3 |   n |   0.59 |    1254 |      0.05 |      0.06 |
|   490 |        117 |       71 |    3 |   n |   0.58 |    1254 |      0.05 |      0.06 |
|   489 |        263 |       80 |    3 |   n |   0.60 |    1254 |      0.05 |      0.06 |
|   488 |        296 |      117 |    3 |   n |   0.66 |    1254 |      0.05 |      0.07 |
|   487 |        677 |       47 |    2 |   n |   0.48 |    1254 |      0.05 |      0.07 |
|   486 |         71 |       67 |    3 |   n |   0.57 |    1254 |      0.05 |      0.07 |
|   485 |        200 |       83 |    3 |   n |   0.61 |    1254 |      0.05 |      0.07 |
|   484 |        281 |       83 |    3 |   n |   0.61 |    1254 |      0.06 |      0.07 |
|   483 |        215 |      103 |    4 |   n |   0.64 |    1254 |      0.06 |      0.07 |
|   482 |        579 |       70 |    3 |   n |   0.58 |    1254 |      0.06 |      0.07 |
|   481 |        222 |      137 |    4 |   n |   0.68 |    1254 |      0.06 |      0.07 |
|   480 |        973 |      106 |    4 |   n |   0.65 |    1254 |      0.06 |      0.07 |
|   479 |        681 |       94 |    4 |   n |   0.63 |    1254 |      0.06 |      0.07 |
|   478 |        354 |      140 |    4 |   n |   0.68 |    1254 |      0.06 |      0.07 |
|   477 |        870 |       67 |    3 |   n |   0.57 |    1254 |      0.06 |      0.07 |
|   476 |        136 |       89 |    3 |   n |   0.62 |    1254 |      0.06 |      0.07 |
|   475 |        429 |       99 |    4 |   n |   0.64 |    1254 |      0.06 |      0.07 |
|   474 |        624 |      148 |    4 |   n |   0.68 |    1255 |      0.06 |      0.07 |
|   473 |        964 |       81 |    4 |   n |   0.61 |    1255 |      0.06 |      0.07 |
|   472 |        242 |      117 |    3 |   n |   0.66 |    1255 |      0.06 |      0.07 |
|   471 |        702 |       94 |    4 |   n |   0.63 |    1255 |      0.06 |      0.08 |
|   470 |        486 |      128 |    4 |   n |   0.67 |    1255 |      0.06 |      0.08 |
|   469 |        681 |       49 |    3 |   n |   0.49 |    1255 |      0.06 |      0.08 |
|   468 |         71 |       53 |    3 |   n |   0.51 |    1255 |      0.06 |      0.08 |
|   467 |        172 |       46 |    3 |   n |   0.47 |    1255 |      0.06 |      0.08 |
|   466 |         78 |       44 |    3 |   n |   0.46 |    1255 |      0.06 |      0.08 |
|   465 |         69 |       69 |    3 |   n |   0.57 |    1255 |      0.06 |      0.08 |
|   464 |        189 |       63 |    3 |   n |   0.55 |    1255 |      0.06 |      0.08 |
|   463 |        195 |       77 |    4 |   n |   0.59 |    1255 |      0.06 |      0.08 |
|   462 |        263 |      109 |    4 |   n |   0.65 |    1255 |      0.06 |      0.08 |
|   461 |        749 |       70 |    4 |   n |   0.58 |    1255 |      0.07 |      0.08 |
|   460 |        140 |      105 |    4 |   n |   0.64 |    1255 |      0.07 |      0.08 |
|   459 |        675 |       76 |    4 |   n |   0.59 |    1255 |      0.07 |      0.08 |
|   458 |        306 |       69 |    4 |   n |   0.57 |    1255 |      0.07 |      0.08 |
|   457 |        143 |      103 |    4 |   n |   0.64 |    1255 |      0.07 |      0.08 |
|   456 |        728 |       89 |    4 |   n |   0.62 |    1255 |      0.07 |      0.08 |
|   455 |        492 |       96 |    4 |   n |   0.63 |    1255 |      0.07 |      0.08 |
|   454 |        172 |      111 |    4 |   n |   0.65 |    1255 |      0.07 |      0.08 |
|   453 |        842 |       68 |    4 |   n |   0.57 |    1255 |      0.07 |      0.08 |
|   452 |        109 |      102 |    4 |   n |   0.64 |    1255 |      0.07 |      0.08 |
|   451 |        558 |       84 |    4 |   n |   0.61 |    1255 |      0.07 |      0.08 |
|   450 |        324 |       94 |    4 |   n |   0.63 |    1255 |      0.07 |      0.09 |
|   449 |        326 |      120 |    4 |   n |   0.66 |    1255 |      0.07 |      0.09 |
|   448 |        835 |       65 |    4 |   n |   0.56 |    1255 |      0.07 |      0.09 |
|   447 |        129 |      108 |    4 |   n |   0.65 |    1255 |      0.07 |      0.09 |
|   446 |        526 |      134 |    4 |   n |   0.67 |    1255 |      0.08 |      0.09 |
|   445 |       1214 |      170 |    4 |   n |   0.70 |    1259 |      0.08 |      0.09 |
|   444 |       1094 |      106 |    4 |   n |   0.65 |    1259 |      0.08 |      0.09 |
|   443 |        557 |      138 |    4 |   n |   0.68 |    1259 |      0.08 |      0.09 |
|   442 |       1428 |       99 |    4 |   n |   0.64 |    1259 |      0.08 |      0.09 |
|   441 |        504 |      132 |    4 |   n |   0.67 |    1259 |      0.08 |      0.09 |
|   440 |       1056 |       96 |    4 |   n |   0.63 |    1259 |      0.08 |      0.09 |
|   439 |        426 |       85 |    4 |   n |   0.61 |    1259 |      0.08 |      0.10 |
|   438 |        197 |      107 |    4 |   n |   0.65 |    1259 |      0.08 |      0.10 |
|   437 |        527 |      109 |    4 |   n |   0.65 |    1259 |      0.08 |      0.10 |
|   436 |        730 |      140 |    4 |   n |   0.68 |    1259 |      0.08 |      0.10 |
|   435 |        852 |       51 |    3 |   n |   0.50 |    1259 |      0.08 |      0.10 |
|   434 |         59 |       51 |    3 |   n |   0.51 |    1259 |      0.08 |      0.10 |
|   433 |         99 |       72 |    3 |   n |   0.61 |    1259 |      0.08 |      0.10 |
|   432 |        222 |      119 |    4 |   n |   0.70 |    1259 |      0.08 |      0.10 |
|   431 |        379 |       69 |    3 |   n |   0.61 |    1259 |      0.09 |      0.10 |
|   430 |        169 |      117 |    4 |   n |   0.70 |    1259 |      0.09 |      0.10 |
|   429 |        567 |       75 |    3 |   n |   0.63 |    1259 |      0.09 |      0.10 |
|   428 |        315 |      116 |    3 |   n |   0.70 |    1259 |      0.09 |      0.10 |
|   427 |        596 |       91 |    3 |   n |   0.66 |    1259 |      0.09 |      0.10 |
|   426 |        531 |      157 |    4 |   n |   0.74 |    1259 |      0.09 |      0.10 |
|   425 |        661 |       74 |    3 |   n |   0.63 |    1259 |      0.09 |      0.10 |
|   424 |        312 |       79 |    3 |   n |   0.64 |    1259 |      0.09 |      0.10 |
|   423 |        131 |      116 |    3 |   n |   0.70 |    1259 |      0.09 |      0.10 |
|   422 |        926 |      114 |    3 |   n |   0.70 |    1259 |      0.09 |      0.10 |
|   421 |        538 |      117 |    4 |   n |   0.70 |    1259 |      0.09 |      0.11 |
|   420 |        557 |      143 |    4 |   n |   0.73 |    1259 |      0.09 |      0.11 |
|   419 |       1625 |       86 |    3 |   n |   0.66 |    1259 |      0.10 |      0.11 |
|   418 |        145 |      142 |    3 |   n |   0.72 |    1259 |      0.10 |      0.11 |
|   417 |       1200 |      128 |    3 |   n |   0.71 |    1259 |      0.10 |      0.11 |
|   416 |       1046 |      171 |    4 |   n |   0.74 |    1259 |      0.10 |      0.11 |
|   415 |       1150 |      254 |    5 |   n |   0.77 |    1268 |      0.10 |      0.11 |
|   414 |       3929 |      149 |    4 |   n |   0.73 |    1268 |      0.10 |      0.12 |
|   413 |       1101 |      152 |    4 |   n |   0.73 |    1268 |      0.10 |      0.12 |
|   412 |       1112 |      115 |    3 |   n |   0.70 |    1268 |      0.11 |      0.12 |
|   411 |        755 |      165 |    4 |   n |   0.74 |    1268 |      0.11 |      0.12 |
|   410 |        783 |       62 |    3 |   n |   0.59 |    1268 |      0.11 |      0.12 |
|   409 |        136 |      120 |    3 |   n |   0.71 |    1268 |      0.11 |      0.12 |
|   408 |        771 |      106 |    3 |   n |   0.69 |    1268 |      0.11 |      0.12 |
|   407 |        808 |      161 |    4 |   n |   0.74 |    1268 |      0.11 |      0.12 |
|   406 |       1835 |      100 |    3 |   n |   0.68 |    1268 |      0.11 |      0.13 |
|   405 |        480 |      121 |    4 |   n |   0.71 |    1268 |      0.12 |      0.13 |
|   404 |        953 |      233 |    4 |   n |   0.77 |    1268 |      0.12 |      0.13 |
|   403 |       2060 |      201 |    4 |   n |   0.76 |    1268 |      0.12 |      0.13 |
|   402 |       3281 |      310 |    4 |   n |   0.78 |    1280 |      0.12 |      0.14 |
|   401 |       2338 |      142 |    3 |   n |   0.73 |    1280 |      0.12 |      0.14 |
|   400 |       1270 |      121 |    4 |   n |   0.71 |    1280 |      0.13 |      0.14 |
|   399 |        285 |      173 |    4 |   n |   0.75 |    1280 |      0.13 |      0.14 |
|   398 |       2036 |      152 |    4 |   n |   0.73 |    1280 |      0.13 |      0.14 |
|   397 |       1832 |      124 |    4 |   n |   0.71 |    1280 |      0.13 |      0.14 |
|   396 |        266 |      181 |    4 |   n |   0.75 |    1280 |      0.13 |      0.14 |
|   395 |       2341 |      178 |    4 |   n |   0.75 |    1280 |      0.13 |      0.15 |
|   394 |       2554 |      251 |    5 |   n |   0.77 |    1280 |      0.14 |      0.15 |
|   393 |       5223 |      138 |    4 |   n |   0.72 |    1280 |      0.14 |      0.15 |
|   392 |        786 |      201 |    4 |   n |   0.76 |    1280 |      0.14 |      0.16 |
|   391 |       1369 |      152 |    4 |   n |   0.73 |    1280 |      0.14 |      0.16 |
|   390 |       1412 |      234 |    4 |   n |   0.77 |    1280 |      0.14 |      0.16 |
|   389 |       1290 |       58 |    3 |   n |   0.57 |    1280 |      0.15 |      0.16 |
|   388 |         95 |       90 |    3 |   n |   0.66 |    1280 |      0.15 |      0.16 |
|   387 |        420 |       85 |    3 |   n |   0.65 |    1280 |      0.15 |      0.16 |
|   386 |        337 |       94 |    4 |   n |   0.67 |    1280 |      0.15 |      0.16 |
|   385 |        523 |      127 |    4 |   n |   0.71 |    1280 |      0.15 |      0.16 |
|   384 |       1297 |       82 |    4 |   n |   0.65 |    1280 |      0.15 |      0.16 |
|   383 |        362 |      110 |    3 |   n |   0.70 |    1280 |      0.15 |      0.16 |
|   382 |        686 |       93 |    3 |   n |   0.67 |    1280 |      0.15 |      0.16 |
|   381 |        576 |       79 |    3 |   n |   0.64 |    1280 |      0.15 |      0.16 |
|   380 |        181 |      130 |    4 |   n |   0.72 |    1280 |      0.15 |      0.17 |
|   379 |       1308 |      114 |    4 |   n |   0.70 |    1280 |      0.15 |      0.17 |
|   378 |        714 |      127 |    4 |   n |   0.71 |    1280 |      0.16 |      0.17 |
|   377 |        783 |      138 |    4 |   n |   0.72 |    1280 |      0.16 |      0.17 |
|   376 |       1578 |       78 |    4 |   n |   0.64 |    1280 |      0.16 |      0.17 |
|   375 |        129 |      112 |    4 |   n |   0.70 |    1280 |      0.16 |      0.17 |
|   374 |        775 |       99 |    4 |   n |   0.68 |    1280 |      0.16 |      0.17 |
|   373 |        517 |      101 |    4 |   n |   0.68 |    1280 |      0.16 |      0.17 |
|   372 |        623 |      107 |    4 |   n |   0.69 |    1280 |      0.16 |      0.17 |
|   371 |        863 |       65 |    3 |   n |   0.60 |    1280 |      0.16 |      0.17 |
|   370 |        108 |      103 |    3 |   n |   0.69 |    1280 |      0.16 |      0.17 |
|   369 |        568 |       90 |    3 |   n |   0.66 |    1280 |      0.16 |      0.17 |
|   368 |        346 |      108 |    3 |   n |   0.69 |    1280 |      0.16 |      0.17 |
|   367 |        414 |      188 |    4 |   n |   0.75 |    1280 |      0.16 |      0.17 |
|   366 |       2238 |      107 |    3 |   n |   0.69 |    1280 |      0.16 |      0.18 |
|   365 |        632 |      131 |    4 |   n |   0.72 |    1280 |      0.16 |      0.18 |
|   364 |        943 |      179 |    4 |   n |   0.75 |    1280 |      0.16 |      0.18 |
|   363 |       2060 |      222 |    4 |   n |   0.77 |    1280 |      0.17 |      0.18 |
|   362 |       1832 |      108 |    3 |   n |   0.69 |    1280 |      0.17 |      0.18 |
|   361 |        180 |      125 |    3 |   n |   0.71 |    1280 |      0.17 |      0.18 |
|   360 |       1113 |      107 |    3 |   n |   0.69 |    1280 |      0.17 |      0.18 |
|   359 |        412 |      106 |    4 |   n |   0.69 |    1280 |      0.17 |      0.18 |
|   358 |        331 |      195 |    4 |   n |   0.76 |    1280 |      0.17 |      0.19 |
|   357 |       3086 |      140 |    4 |   n |   0.73 |    1280 |      0.18 |      0.19 |
|   356 |       1356 |      182 |    4 |   n |   0.75 |    1280 |      0.18 |      0.19 |
|   355 |       1152 |      246 |    5 |   n |   0.77 |    1280 |      0.18 |      0.19 |
|   354 |       4806 |      151 |    4 |   n |   0.73 |    1280 |      0.18 |      0.20 |
|   353 |       1285 |      267 |    4 |   n |   0.78 |    1280 |      0.18 |      0.20 |
|   352 |       3051 |      230 |    4 |   n |   0.77 |    1280 |      0.19 |      0.20 |
|   351 |       3848 |      333 |    5 |   n |   0.79 |    1284 |      0.19 |      0.20 |
|   350 |       2808 |      108 |    3 |   n |   0.69 |    1284 |      0.20 |      0.21 |
|   349 |        250 |      164 |    4 |   n |   0.74 |    1284 |      0.20 |      0.21 |
|   348 |       1643 |      139 |    3 |   n |   0.72 |    1284 |      0.20 |      0.21 |
|   347 |       1381 |      239 |    4 |   n |   0.77 |    1284 |      0.20 |      0.21 |
|   346 |       4154 |      152 |    3 |   n |   0.73 |    1284 |      0.20 |      0.21 |
|   345 |        936 |      217 |    3 |   n |   0.76 |    1284 |      0.20 |      0.22 |
|   344 |       1777 |      210 |    4 |   n |   0.76 |    1284 |      0.20 |      0.22 |
|   343 |       3538 |      279 |    4 |   n |   0.78 |    1284 |      0.21 |      0.22 |
|   342 |       2424 |      116 |    4 |   n |   0.70 |    1284 |      0.21 |      0.22 |
|   341 |        244 |      129 |    4 |   n |   0.72 |    1284 |      0.21 |      0.22 |
|   340 |       1025 |      115 |    4 |   n |   0.70 |    1284 |      0.21 |      0.23 |
|   339 |        421 |      163 |    4 |   n |   0.74 |    1284 |      0.21 |      0.23 |
|   338 |       1703 |      146 |    4 |   n |   0.73 |    1284 |      0.22 |      0.23 |
|   337 |       1420 |      188 |    4 |   n |   0.75 |    1284 |      0.22 |      0.23 |
|   336 |       3190 |      109 |    4 |   n |   0.70 |    1284 |      0.22 |      0.23 |
|   335 |        863 |      259 |    4 |   n |   0.78 |    1284 |      0.22 |      0.23 |
|   334 |       1689 |      181 |    4 |   n |   0.75 |    1284 |      0.22 |      0.23 |
|   333 |       2271 |      257 |    4 |   n |   0.77 |    1284 |      0.22 |      0.24 |
|   332 |       1487 |       52 |    3 |   n |   0.54 |    1284 |      0.22 |      0.24 |
|   331 |         60 |       52 |    3 |   n |   0.55 |    1284 |      0.22 |      0.24 |
|   330 |        100 |       73 |    3 |   n |   0.66 |    1284 |      0.22 |      0.24 |
|   329 |        223 |      120 |    4 |   n |   0.75 |    1284 |      0.22 |      0.24 |
|   328 |        380 |       70 |    3 |   n |   0.65 |    1284 |      0.23 |      0.24 |
|   327 |        170 |      118 |    4 |   n |   0.75 |    1284 |      0.23 |      0.24 |
|   326 |        568 |       76 |    3 |   n |   0.67 |    1284 |      0.23 |      0.24 |
|   325 |        316 |      117 |    3 |   n |   0.75 |    1284 |      0.23 |      0.24 |
|   324 |        597 |       92 |    3 |   n |   0.71 |    1284 |      0.23 |      0.24 |
|   323 |        532 |      158 |    4 |   n |   0.79 |    1284 |      0.23 |      0.24 |
|   322 |        662 |       75 |    3 |   n |   0.67 |    1284 |      0.23 |      0.24 |
|   321 |        313 |       80 |    3 |   n |   0.68 |    1284 |      0.23 |      0.24 |
|   320 |        132 |      117 |    3 |   n |   0.75 |    1284 |      0.23 |      0.24 |
|   319 |        927 |      115 |    3 |   n |   0.75 |    1284 |      0.23 |      0.24 |
|   318 |        539 |      118 |    4 |   n |   0.75 |    1284 |      0.23 |      0.24 |
|   317 |        558 |      144 |    4 |   n |   0.78 |    1284 |      0.23 |      0.24 |
|   316 |       1626 |       87 |    3 |   n |   0.70 |    1284 |      0.23 |      0.25 |
|   315 |        207 |      160 |    4 |   n |   0.79 |    1284 |      0.23 |      0.25 |
|   314 |       1700 |      160 |    4 |   n |   0.79 |    1284 |      0.24 |      0.25 |
|   313 |       1744 |      191 |    4 |   n |   0.80 |    1284 |      0.24 |      0.25 |
|   312 |       1615 |      281 |    5 |   n |   0.83 |    1284 |      0.24 |      0.25 |
|   311 |       4961 |      166 |    4 |   n |   0.79 |    1284 |      0.24 |      0.26 |
|   310 |       1752 |      212 |    4 |   n |   0.81 |    1284 |      0.24 |      0.26 |
|   309 |       2940 |      180 |    4 |   n |   0.80 |    1284 |      0.25 |      0.26 |
|   308 |       2247 |      254 |    4 |   n |   0.82 |    1284 |      0.25 |      0.26 |
|   307 |       2308 |       96 |    3 |   n |   0.72 |    1284 |      0.25 |      0.27 |
|   306 |        242 |      192 |    4 |   n |   0.80 |    1284 |      0.25 |      0.27 |
|   305 |       2610 |      168 |    4 |   n |   0.79 |    1284 |      0.26 |      0.27 |
|   304 |       2709 |      280 |    4 |   n |   0.83 |    1284 |      0.26 |      0.27 |
|   303 |       7170 |      152 |    3 |   n |   0.78 |    1284 |      0.27 |      0.28 |
|   302 |        800 |      154 |    3 |   n |   0.78 |    1284 |      0.27 |      0.28 |
|   301 |       1446 |      264 |    4 |   n |   0.83 |    1284 |      0.27 |      0.28 |
|   300 |       3224 |      235 |    4 |   n |   0.82 |    1284 |      0.27 |      0.29 |
|   299 |       4141 |      379 |    4 |   n |   0.85 |    1289 |      0.28 |      0.29 |
|   298 |       2942 |      146 |    4 |   n |   0.78 |    1289 |      0.28 |      0.29 |
|   297 |       1628 |      115 |    3 |   n |   0.75 |    1289 |      0.28 |      0.29 |
|   296 |        343 |      157 |    4 |   n |   0.79 |    1289 |      0.28 |      0.30 |
|   295 |       2013 |      131 |    3 |   n |   0.77 |    1289 |      0.28 |      0.30 |
|   294 |       1107 |      121 |    4 |   n |   0.75 |    1289 |      0.28 |      0.30 |
|   293 |        453 |      214 |    4 |   n |   0.81 |    1289 |      0.29 |      0.30 |
|   292 |       3094 |      175 |    4 |   n |   0.80 |    1289 |      0.29 |      0.30 |
|   291 |       2551 |      181 |    5 |   n |   0.80 |    1289 |      0.29 |      0.30 |
|   290 |       2131 |      217 |    4 |   n |   0.81 |    1289 |      0.29 |      0.31 |
|   289 |       4176 |      110 |    3 |   n |   0.74 |    1289 |      0.30 |      0.31 |
|   288 |        284 |      255 |    3 |   n |   0.82 |    1289 |      0.30 |      0.31 |
|   287 |       4413 |      205 |    3 |   n |   0.81 |    1289 |      0.30 |      0.32 |
|   286 |       2755 |      304 |    4 |   n |   0.83 |    1289 |      0.31 |      0.32 |
|   285 |       4396 |      426 |    4 |   n |   0.85 |    1291 |      0.31 |      0.32 |
|   284 |      10362 |      250 |    4 |   n |   0.82 |    1291 |      0.32 |      0.33 |
|   283 |       4331 |      319 |    4 |   n |   0.84 |    1291 |      0.33 |      0.34 |
|   282 |       5521 |      198 |    4 |   n |   0.81 |    1291 |      0.33 |      0.35 |
|   281 |       2706 |      204 |    4 |   n |   0.81 |    1291 |      0.34 |      0.35 |
|   280 |        824 |      233 |    4 |   n |   0.82 |    1291 |      0.34 |      0.35 |
|   279 |       4307 |      263 |    5 |   n |   0.83 |    1291 |      0.34 |      0.35 |
|   278 |       4105 |      322 |    5 |   n |   0.84 |    1291 |      0.34 |      0.36 |
|   277 |       8482 |      166 |    4 |   n |   0.79 |    1291 |      0.35 |      0.37 |
|   276 |       1129 |      332 |    4 |   n |   0.84 |    1291 |      0.36 |      0.37 |
|   275 |       7372 |      371 |    5 |   n |   0.85 |    1291 |      0.36 |      0.38 |
|   274 |      12986 |      388 |    5 |   n |   0.85 |    1293 |      0.38 |      0.39 |
|   273 |       7084 |      469 |    4 |   n |   0.85 |    1296 |      0.38 |      0.40 |
|   272 |      11619 |      273 |    4 |   n |   0.83 |    1296 |      0.40 |      0.41 |
|   271 |       3513 |      416 |    5 |   n |   0.85 |    1296 |      0.40 |      0.41 |
|   270 |      11531 |      369 |    5 |   n |   0.84 |    1301 |      0.41 |      0.42 |
|   269 |       9333 |      489 |    5 |   n |   0.86 |    1307 |      0.42 |      0.44 |
|   268 |       4515 |      123 |    3 |   n |   0.76 |    1307 |      0.43 |      0.44 |
|   267 |        223 |      220 |    4 |   n |   0.81 |    1307 |      0.43 |      0.44 |
|   266 |       3574 |      205 |    4 |   n |   0.81 |    1307 |      0.43 |      0.44 |
|   265 |       2405 |      231 |    4 |   n |   0.82 |    1307 |      0.44 |      0.45 |
|   264 |       2409 |      391 |    5 |   n |   0.85 |    1307 |      0.44 |      0.45 |
|   263 |      12095 |      255 |    5 |   n |   0.82 |    1307 |      0.45 |      0.46 |
|   262 |       5505 |      339 |    4 |   n |   0.84 |    1307 |      0.46 |      0.47 |
|   261 |       7479 |      267 |    4 |   n |   0.83 |    1307 |      0.46 |      0.48 |
|   260 |       5012 |      241 |    4 |   n |   0.82 |    1307 |      0.47 |      0.48 |
|   259 |       1206 |      452 |    5 |   n |   0.85 |    1307 |      0.47 |      0.49 |
|   258 |      20189 |      411 |    5 |   n |   0.85 |    1307 |      0.50 |      0.51 |
|   257 |      12683 |      423 |    5 |   n |   0.85 |    1307 |      0.51 |      0.52 |
|   256 |       5319 |      493 |    5 |   n |   0.86 |    1307 |      0.52 |      0.53 |
|   255 |      19241 |      276 |    4 |   n |   0.83 |    1307 |      0.54 |      0.55 |
|   254 |        672 |      339 |    4 |   n |   0.84 |    1307 |      0.54 |      0.55 |
|   253 |       8815 |      421 |    5 |   n |   0.85 |    1307 |      0.55 |      0.56 |
|   252 |       9389 |      517 |    5 |   n |   0.86 |    1307 |      0.56 |      0.57 |
|   251 |      23298 |      335 |    5 |   n |   0.84 |    1307 |      0.58 |      0.59 |
|   250 |       5791 |      507 |    5 |   n |   0.86 |    1307 |      0.59 |      0.60 |
|   249 |      20001 |      427 |    5 |   n |   0.85 |    1308 |      0.61 |      0.62 |
|   248 |      13407 |      573 |    5 |   n |   0.86 |    1318 |      0.62 |      0.64 |
|   247 |      11733 |      201 |    4 |   n |   0.81 |    1318 |      0.64 |      0.65 |
|   246 |        817 |      481 |    4 |   n |   0.85 |    1318 |      0.64 |      0.65 |
|   245 |      12559 |      457 |    4 |   n |   0.85 |    1318 |      0.65 |      0.67 |
|   244 |      16112 |      578 |    5 |   n |   0.86 |    1318 |      0.67 |      0.69 |
|   243 |      13024 |      383 |    4 |   n |   0.85 |    1318 |      0.69 |      0.70 |
|   242 |       8227 |      340 |    4 |   n |   0.84 |    1318 |      0.70 |      0.71 |
|   241 |       3532 |      216 |    3 |   n |   0.81 |    1318 |      0.70 |      0.71 |
|   240 |       1776 |      349 |    4 |   n |   0.84 |    1318 |      0.70 |      0.72 |
|   239 |       6391 |      328 |    4 |   n |   0.84 |    1318 |      0.71 |      0.72 |
|   238 |       8624 |      446 |    4 |   n |   0.85 |    1318 |      0.72 |      0.73 |
|   237 |       7570 |      173 |    3 |   n |   0.79 |    1318 |      0.73 |      0.74 |
|   236 |       1181 |      308 |    4 |   n |   0.84 |    1318 |      0.73 |      0.74 |
|   235 |       3957 |      342 |    4 |   n |   0.84 |    1318 |      0.74 |      0.75 |
|   234 |       8532 |      408 |    4 |   n |   0.85 |    1318 |      0.75 |      0.76 |
|   233 |       6058 |      194 |    4 |   n |   0.80 |    1318 |      0.75 |      0.77 |
|   232 |       3526 |      491 |    4 |   n |   0.86 |    1318 |      0.76 |      0.77 |
|   231 |       6391 |      328 |    4 |   n |   0.84 |    1318 |      0.77 |      0.78 |
|   230 |      10008 |      487 |    4 |   n |   0.86 |    1318 |      0.78 |      0.79 |
|   229 |       3434 |       66 |    3 |   n |   0.64 |    1318 |      0.78 |      0.80 |
|   228 |        110 |      100 |    3 |   n |   0.73 |    1318 |      0.78 |      0.80 |
|   227 |        496 |       88 |    3 |   n |   0.70 |    1318 |      0.78 |      0.80 |
|   226 |        340 |      110 |    3 |   n |   0.74 |    1318 |      0.78 |      0.80 |
|   225 |        410 |      173 |    4 |   n |   0.79 |    1318 |      0.78 |      0.80 |
|   224 |       2144 |      101 |    4 |   n |   0.73 |    1318 |      0.79 |      0.80 |
|   223 |        197 |      117 |    4 |   n |   0.75 |    1318 |      0.79 |      0.80 |
|   222 |       1013 |       97 |    3 |   n |   0.72 |    1318 |      0.79 |      0.80 |
|   221 |        265 |      183 |    4 |   n |   0.80 |    1318 |      0.79 |      0.81 |
|   220 |       2303 |      144 |    4 |   n |   0.78 |    1318 |      0.80 |      0.81 |
|   219 |       1008 |      147 |    4 |   n |   0.78 |    1318 |      0.80 |      0.82 |
|   218 |        931 |      220 |    4 |   n |   0.81 |    1318 |      0.81 |      0.82 |
|   217 |       2520 |      105 |    3 |   n |   0.73 |    1318 |      0.81 |      0.83 |
|   216 |        377 |      220 |    4 |   n |   0.81 |    1318 |      0.82 |      0.83 |
|   215 |       2976 |      195 |    4 |   n |   0.81 |    1318 |      0.82 |      0.84 |
|   214 |       2799 |      256 |    5 |   n |   0.83 |    1318 |      0.83 |      0.85 |
|   213 |       2632 |      449 |    5 |   n |   0.85 |    1318 |      0.84 |      0.85 |
|   212 |       9909 |      233 |    5 |   n |   0.82 |    1318 |      0.86 |      0.88 |
|   211 |       2310 |      317 |    4 |   n |   0.84 |    1318 |      0.87 |      0.88 |
|   210 |       6173 |      233 |    4 |   n |   0.82 |    1318 |      0.88 |      0.89 |
|   209 |       4275 |      408 |    5 |   n |   0.85 |    1318 |      0.89 |      0.90 |
|   208 |       4893 |      109 |    3 |   n |   0.74 |    1318 |      0.90 |      0.91 |
|   207 |        261 |      167 |    4 |   n |   0.79 |    1318 |      0.90 |      0.91 |
|   206 |       1991 |      156 |    4 |   n |   0.78 |    1318 |      0.90 |      0.92 |
|   205 |       1266 |      220 |    4 |   n |   0.81 |    1318 |      0.91 |      0.92 |
|   204 |       3906 |      123 |    3 |   n |   0.76 |    1318 |      0.91 |      0.93 |
|   203 |        399 |      124 |    3 |   n |   0.76 |    1318 |      0.92 |      0.93 |
|   202 |        644 |      202 |    4 |   n |   0.81 |    1318 |      0.92 |      0.93 |
|   201 |       3062 |      147 |    4 |   n |   0.78 |    1318 |      0.92 |      0.93 |
|   200 |       1897 |      123 |    4 |   n |   0.76 |    1318 |      0.92 |      0.94 |
|   199 |        715 |      244 |    4 |   n |   0.82 |    1318 |      0.92 |      0.94 |
|   198 |       3442 |      185 |    5 |   n |   0.80 |    1318 |      0.93 |      0.94 |
|   197 |       2957 |      203 |    5 |   n |   0.81 |    1318 |      0.94 |      0.95 |
|   196 |       2005 |      235 |    4 |   n |   0.82 |    1318 |      0.94 |      0.95 |
|   195 |       4358 |      102 |    3 |   n |   0.73 |    1318 |      0.95 |      0.96 |
|   194 |        170 |      139 |    4 |   n |   0.77 |    1318 |      0.95 |      0.96 |
|   193 |       1075 |      157 |    3 |   n |   0.79 |    1318 |      0.95 |      0.96 |
|   192 |        742 |      152 |    3 |   n |   0.78 |    1318 |      0.95 |      0.96 |
|   191 |        440 |      187 |    3 |   n |   0.80 |    1318 |      0.95 |      0.96 |
|   190 |       2091 |      122 |    3 |   n |   0.76 |    1318 |      0.96 |      0.97 |
|   189 |        806 |      298 |    4 |   n |   0.83 |    1318 |      0.96 |      0.97 |
|   188 |       4220 |      208 |    4 |   n |   0.81 |    1318 |      0.96 |      0.98 |
|   187 |       2860 |      195 |    4 |   n |   0.81 |    1318 |      0.97 |      0.98 |
|   186 |       1670 |      337 |    5 |   n |   0.84 |    1318 |      0.97 |      0.98 |
|   185 |       3958 |      124 |    4 |   n |   0.76 |    1318 |      0.98 |      0.99 |
|   184 |        292 |      168 |    4 |   n |   0.79 |    1318 |      0.98 |      0.99 |
|   183 |       1672 |      208 |    5 |   n |   0.81 |    1318 |      0.98 |      0.99 |
|   182 |       2894 |      337 |    5 |   n |   0.84 |    1318 |      0.98 |      1.00 |
|   181 |       4730 |      149 |    4 |   n |   0.78 |    1318 |      0.99 |      1.00 |
|   180 |        689 |      263 |    4 |   n |   0.83 |    1318 |      0.99 |      1.01 |
|   179 |       2638 |      194 |    4 |   n |   0.80 |    1318 |      1.00 |      1.01 |
|   178 |       1537 |      305 |    4 |   n |   0.84 |    1318 |      1.00 |      1.01 |
|   177 |       2537 |       57 |    3 |   n |   0.60 |    1318 |      1.00 |      1.02 |
|   176 |         65 |       57 |    3 |   n |   0.61 |    1318 |      1.00 |      1.02 |
|   175 |        105 |       78 |    3 |   n |   0.71 |    1318 |      1.00 |      1.02 |
|   174 |        228 |      125 |    4 |   n |   0.80 |    1318 |      1.00 |      1.02 |
|   173 |        385 |       75 |    3 |   n |   0.70 |    1318 |      1.00 |      1.02 |
|   172 |        175 |      123 |    4 |   n |   0.80 |    1318 |      1.00 |      1.02 |
|   171 |        573 |       81 |    3 |   n |   0.72 |    1318 |      1.00 |      1.02 |
|   170 |        361 |      132 |    3 |   n |   0.81 |    1318 |      1.00 |      1.02 |
|   169 |        720 |       98 |    3 |   n |   0.76 |    1318 |      1.01 |      1.02 |
|   168 |        560 |      164 |    4 |   n |   0.84 |    1318 |      1.01 |      1.02 |
|   167 |        674 |       80 |    3 |   n |   0.72 |    1318 |      1.01 |      1.02 |
|   166 |        318 |       85 |    3 |   n |   0.74 |    1318 |      1.01 |      1.02 |
|   165 |        191 |      140 |    3 |   n |   0.82 |    1318 |      1.01 |      1.02 |
|   164 |       1336 |      131 |    3 |   n |   0.81 |    1318 |      1.01 |      1.03 |
|   163 |       1032 |      151 |    4 |   n |   0.83 |    1318 |      1.01 |      1.03 |
|   162 |        907 |      194 |    4 |   n |   0.85 |    1318 |      1.02 |      1.03 |
|   161 |       2686 |      105 |    3 |   n |   0.78 |    1318 |      1.02 |      1.03 |
|   160 |        251 |      213 |    4 |   n |   0.86 |    1318 |      1.02 |      1.03 |
|   159 |       3073 |      176 |    4 |   n |   0.84 |    1318 |      1.02 |      1.04 |
|   158 |       1688 |      226 |    4 |   n |   0.87 |    1318 |      1.02 |      1.04 |
|   157 |       2662 |      381 |    5 |   n |   0.90 |    1318 |      1.03 |      1.04 |
|   156 |       7221 |      203 |    4 |   n |   0.86 |    1318 |      1.04 |      1.05 |
|   155 |       2203 |      252 |    4 |   n |   0.87 |    1318 |      1.04 |      1.06 |
|   154 |       3277 |      159 |    4 |   n |   0.83 |    1318 |      1.05 |      1.06 |
|   153 |       1823 |      291 |    4 |   n |   0.88 |    1318 |      1.05 |      1.06 |
|   152 |       1768 |       80 |    3 |   n |   0.72 |    1318 |      1.05 |      1.07 |
|   151 |        186 |      165 |    3 |   n |   0.84 |    1318 |      1.05 |      1.07 |
|   150 |       1434 |      169 |    3 |   n |   0.84 |    1318 |      1.06 |      1.07 |
|   149 |       1769 |      215 |    4 |   n |   0.86 |    1318 |      1.06 |      1.07 |
|   148 |       2987 |      139 |    3 |   n |   0.82 |    1318 |      1.06 |      1.08 |
|   147 |        719 |      160 |    4 |   n |   0.83 |    1318 |      1.06 |      1.08 |
|   146 |       1840 |      330 |    4 |   n |   0.89 |    1318 |      1.06 |      1.08 |
|   145 |       4976 |      266 |    4 |   n |   0.88 |    1318 |      1.07 |      1.09 |
|   144 |       4956 |      410 |    4 |   n |   0.90 |    1318 |      1.08 |      1.09 |
|   143 |       4388 |      190 |    3 |   n |   0.85 |    1318 |      1.08 |      1.10 |
|   142 |       2500 |      161 |    4 |   n |   0.84 |    1318 |      1.09 |      1.10 |
|   141 |        785 |      273 |    4 |   n |   0.88 |    1318 |      1.09 |      1.10 |
|   140 |       5917 |      214 |    4 |   n |   0.86 |    1318 |      1.10 |      1.11 |
|   139 |       3914 |      166 |    4 |   n |   0.84 |    1318 |      1.10 |      1.12 |
|   138 |        530 |      268 |    4 |   n |   0.88 |    1318 |      1.10 |      1.12 |
|   137 |       4156 |      243 |    4 |   n |   0.87 |    1318 |      1.11 |      1.12 |
|   136 |       5611 |      382 |    5 |   n |   0.90 |    1318 |      1.12 |      1.13 |
|   135 |      10966 |      187 |    4 |   n |   0.85 |    1318 |      1.13 |      1.15 |
|   134 |       1735 |      356 |    4 |   n |   0.90 |    1318 |      1.14 |      1.15 |
|   133 |       3990 |      238 |    4 |   n |   0.87 |    1318 |      1.14 |      1.15 |
|   132 |       3928 |      405 |    4 |   n |   0.90 |    1318 |      1.15 |      1.16 |
|   131 |       2722 |       74 |    3 |   n |   0.71 |    1318 |      1.15 |      1.16 |
|   130 |        176 |      163 |    3 |   n |   0.84 |    1318 |      1.15 |      1.16 |
|   129 |       1281 |      145 |    3 |   n |   0.82 |    1318 |      1.15 |      1.17 |
|   128 |        991 |      183 |    4 |   n |   0.85 |    1318 |      1.16 |      1.17 |
|   127 |       1678 |      278 |    4 |   n |   0.88 |    1318 |      1.16 |      1.17 |
|   126 |       4664 |      160 |    4 |   n |   0.83 |    1318 |      1.16 |      1.18 |
|   125 |       1672 |      250 |    4 |   n |   0.87 |    1318 |      1.16 |      1.18 |
|   124 |       3208 |      169 |    3 |   n |   0.84 |    1318 |      1.17 |      1.18 |
|   123 |       1973 |      166 |    3 |   n |   0.84 |    1318 |      1.17 |      1.19 |
|   122 |       1111 |      314 |    4 |   n |   0.89 |    1318 |      1.18 |      1.19 |
|   121 |       7566 |      259 |    4 |   n |   0.88 |    1318 |      1.18 |      1.20 |
|   120 |       5559 |      320 |    4 |   n |   0.89 |    1318 |      1.19 |      1.21 |
|   119 |       4948 |      367 |    4 |   n |   0.90 |    1318 |      1.20 |      1.21 |
|   118 |       9469 |      148 |    4 |   n |   0.83 |    1318 |      1.21 |      1.23 |
|   117 |        576 |      285 |    4 |   n |   0.88 |    1318 |      1.21 |      1.23 |
|   116 |       5757 |      214 |    4 |   n |   0.86 |    1318 |      1.22 |      1.23 |
|   115 |       3399 |      258 |    4 |   n |   0.88 |    1318 |      1.23 |      1.24 |
|   114 |       3736 |      304 |    4 |   n |   0.89 |    1318 |      1.23 |      1.25 |
|   113 |       4726 |      103 |    3 |   n |   0.77 |    1318 |      1.24 |      1.25 |
|   112 |        261 |      250 |    3 |   n |   0.87 |    1318 |      1.24 |      1.25 |
|   111 |       3493 |      228 |    3 |   n |   0.87 |    1318 |      1.24 |      1.26 |
|   110 |       2220 |      332 |    4 |   n |   0.89 |    1318 |      1.25 |      1.26 |
|   109 |       6605 |      544 |    4 |   n |   0.91 |    1318 |      1.26 |      1.27 |
|   108 |      15484 |      317 |    4 |   n |   0.89 |    1318 |      1.28 |      1.30 |
|   107 |       6921 |      467 |    4 |   n |   0.91 |    1318 |      1.30 |      1.31 |
|   106 |      14735 |      359 |    5 |   n |   0.90 |    1318 |      1.32 |      1.33 |
|   105 |       9938 |      598 |    4 |   n |   0.91 |    1319 |      1.33 |      1.35 |
|   104 |      14473 |      223 |    4 |   n |   0.86 |    1319 |      1.35 |      1.37 |
|   103 |       1051 |      338 |    4 |   n |   0.89 |    1319 |      1.36 |      1.37 |
|   102 |      11168 |      241 |    4 |   n |   0.87 |    1319 |      1.37 |      1.38 |
|   101 |       3349 |      238 |    4 |   n |   0.87 |    1319 |      1.37 |      1.39 |
|   100 |       1526 |      565 |    4 |   n |   0.91 |    1319 |      1.38 |      1.39 |
|    99 |      23875 |      419 |    4 |   n |   0.90 |    1319 |      1.41 |      1.43 |
|    98 |       6491 |      444 |    4 |   n |   0.90 |    1319 |      1.42 |      1.44 |
|    97 |      13690 |      807 |    5 |   n |   0.92 |    1342 |      1.45 |      1.46 |
|    96 |      30795 |      479 |    4 |   n |   0.91 |    1342 |      1.49 |      1.50 |
|    95 |      15701 |      787 |    5 |   n |   0.92 |    1342 |      1.52 |      1.53 |
|    94 |      35536 |      533 |    5 |   n |   0.91 |    1342 |      1.56 |      1.58 |
|    93 |      22727 |      959 |    5 |   n |   0.93 |    1384 |      1.60 |      1.62 |
|    92 |      15494 |      194 |    4 |   n |   0.85 |    1384 |      1.63 |      1.64 |
|    91 |        980 |      490 |    4 |   n |   0.91 |    1384 |      1.63 |      1.64 |
|    90 |      10725 |      636 |    4 |   n |   0.92 |    1384 |      1.65 |      1.66 |
|    89 |      31506 |      798 |    5 |   n |   0.92 |    1384 |      1.70 |      1.71 |
|    88 |      26571 |      468 |    4 |   n |   0.91 |    1384 |      1.74 |      1.75 |
|    87 |      15657 |      864 |    5 |   n |   0.92 |    1384 |      1.76 |      1.78 |
|    86 |      31419 |      706 |    5 |   n |   0.92 |    1384 |      1.81 |      1.82 |
|    85 |      41698 |      918 |    5 |   n |   0.93 |    1384 |      1.88 |      1.89 |
|    84 |      17802 |      317 |    4 |   n |   0.89 |    1384 |      1.90 |      1.92 |
|    83 |       3639 |      415 |    4 |   n |   0.90 |    1384 |      1.91 |      1.92 |
|    82 |      16009 |      310 |    4 |   n |   0.89 |    1384 |      1.93 |      1.94 |
|    81 |       3735 |      571 |    5 |   n |   0.91 |    1384 |      1.94 |      1.95 |
|    80 |      11611 |      503 |    4 |   n |   0.91 |    1384 |      1.96 |      1.97 |
|    79 |      17945 |      742 |    4 |   n |   0.92 |    1384 |      1.98 |      2.00 |
|    78 |      19846 |      385 |    4 |   n |   0.90 |    1384 |      2.01 |      2.02 |
|    77 |      15631 |      940 |    5 |   n |   0.93 |    1384 |      2.04 |      2.05 |
|    76 |      33883 |      599 |    4 |   n |   0.92 |    1384 |      2.09 |      2.10 |
|    75 |      19849 |      931 |    4 |   n |   0.93 |    1394 |      2.12 |      2.13 |
|    74 |       7659 |       90 |    3 |   n |   0.75 |    1394 |      2.13 |      2.15 |
|    73 |        218 |      191 |    3 |   n |   0.85 |    1394 |      2.13 |      2.15 |
|    72 |       1976 |      163 |    3 |   n |   0.84 |    1394 |      2.14 |      2.15 |
|    71 |       1223 |      206 |    4 |   n |   0.86 |    1394 |      2.14 |      2.15 |
|    70 |       2714 |      318 |    4 |   n |   0.89 |    1394 |      2.14 |      2.16 |
|    69 |       5798 |      242 |    4 |   n |   0.87 |    1394 |      2.15 |      2.17 |
|    68 |       1439 |      356 |    4 |   n |   0.89 |    1394 |      2.16 |      2.17 |
|    67 |      13138 |      197 |    4 |   n |   0.85 |    1394 |      2.17 |      2.19 |
|    66 |       1705 |      388 |    4 |   n |   0.90 |    1394 |      2.18 |      2.19 |
|    65 |      12478 |      299 |    4 |   n |   0.89 |    1394 |      2.20 |      2.21 |
|    64 |       6249 |      425 |    4 |   n |   0.90 |    1394 |      2.21 |      2.22 |
|    63 |       7565 |      189 |    4 |   n |   0.85 |    1394 |      2.22 |      2.23 |
|    62 |       2403 |      177 |    4 |   n |   0.84 |    1394 |      2.22 |      2.23 |
|    61 |       1153 |      411 |    4 |   n |   0.90 |    1394 |      2.22 |      2.24 |
|    60 |      14051 |      281 |    4 |   n |   0.88 |    1394 |      2.24 |      2.26 |
|    59 |       4968 |      357 |    5 |   n |   0.89 |    1394 |      2.25 |      2.26 |
|    58 |       6893 |      642 |    5 |   n |   0.92 |    1394 |      2.26 |      2.28 |
|    57 |      19650 |      388 |    5 |   n |   0.90 |    1394 |      2.29 |      2.31 |
|    56 |       5131 |      531 |    5 |   n |   0.91 |    1394 |      2.30 |      2.32 |
|    55 |      22410 |      410 |    4 |   n |   0.90 |    1394 |      2.33 |      2.35 |
|    54 |      11735 |      639 |    5 |   n |   0.92 |    1394 |      2.35 |      2.37 |
|    53 |      11426 |      170 |    3 |   n |   0.84 |    1394 |      2.37 |      2.38 |
|    52 |        536 |      334 |    4 |   n |   0.89 |    1394 |      2.37 |      2.38 |
|    51 |       6697 |      338 |    4 |   n |   0.89 |    1394 |      2.38 |      2.40 |
|    50 |       8978 |      474 |    4 |   n |   0.91 |    1394 |      2.40 |      2.41 |
|    49 |      15664 |      280 |    4 |   n |   0.88 |    1394 |      2.42 |      2.43 |
|    48 |       3316 |      289 |    4 |   n |   0.88 |    1394 |      2.42 |      2.44 |
|    47 |       5385 |      716 |    5 |   n |   0.92 |    1394 |      2.44 |      2.45 |
|    46 |      28193 |      539 |    4 |   n |   0.91 |    1394 |      2.48 |      2.49 |
|    45 |      20831 |      799 |    5 |   n |   0.92 |    1394 |      2.52 |      2.53 |
|    44 |      18355 |      337 |    4 |   n |   0.89 |    1394 |      2.54 |      2.56 |
|    43 |       8433 |      291 |    4 |   n |   0.88 |    1394 |      2.56 |      2.57 |
|    42 |       2421 |      471 |    5 |   n |   0.91 |    1394 |      2.56 |      2.57 |
|    41 |      12441 |      478 |    5 |   n |   0.91 |    1394 |      2.58 |      2.59 |
|    40 |      20228 |      758 |    5 |   n |   0.92 |    1394 |      2.62 |      2.63 |
|    39 |      31004 |      351 |    5 |   n |   0.89 |    1394 |      2.66 |      2.67 |
|    38 |       7520 |      616 |    5 |   n |   0.92 |    1394 |      2.67 |      2.69 |
|    37 |      21109 |      410 |    5 |   n |   0.90 |    1394 |      2.70 |      2.72 |
|    36 |      12400 |      667 |    5 |   n |   0.92 |    1394 |      2.72 |      2.74 |
|    35 |      10315 |      131 |    3 |   n |   0.81 |    1394 |      2.73 |      2.75 |
|    34 |        471 |      340 |    4 |   n |   0.89 |    1394 |      2.73 |      2.75 |
|    33 |       5500 |      272 |    4 |   n |   0.88 |    1394 |      2.74 |      2.76 |
|    32 |       2462 |      379 |    4 |   n |   0.90 |    1394 |      2.75 |      2.77 |
|    31 |       7829 |      643 |    5 |   n |   0.92 |    1394 |      2.76 |      2.79 |
|    30 |      15993 |      359 |    5 |   n |   0.90 |    1394 |      2.79 |      2.81 |
|    29 |       8073 |      550 |    4 |   n |   0.91 |    1394 |      2.80 |      2.83 |
|    28 |      17094 |      418 |    4 |   n |   0.90 |    1394 |      2.83 |      2.85 |
|    27 |      14117 |      683 |    5 |   n |   0.92 |    1394 |      2.86 |      2.88 |
|    26 |      14283 |      259 |    4 |   n |   0.88 |    1394 |      2.88 |      2.90 |
|    25 |       4471 |      829 |    5 |   n |   0.92 |    1394 |      2.90 |      2.92 |
|    24 |      31717 |      522 |    4 |   n |   0.91 |    1394 |      2.94 |      2.97 |
|    23 |      12412 |      597 |    5 |   n |   0.91 |    1394 |      2.97 |      2.99 |
|    22 |      25207 |     1032 |    5 |   n |   0.93 |    1394 |      3.02 |      3.04 |
|    21 |      46532 |      543 |    5 |   n |   0.91 |    1394 |      3.08 |      3.11 |
|    20 |      21887 |      954 |    5 |   n |   0.93 |    1394 |      3.13 |      3.15 |
|    19 |      47680 |      618 |    5 |   n |   0.92 |    1394 |      3.20 |      3.22 |
|    18 |      32272 |     1104 |    6 |   n |   0.93 |    1407 |      3.26 |      3.28 |
|    17 |      14004 |      244 |    4 |   n |   0.87 |    1407 |      3.28 |      3.31 |
|    16 |       1674 |      481 |    4 |   n |   0.91 |    1407 |      3.29 |      3.31 |
|    15 |       8216 |      551 |    4 |   n |   0.91 |    1407 |      3.30 |      3.32 |
|    14 |      20823 |      836 |    5 |   n |   0.92 |    1407 |      3.34 |      3.37 |
|    13 |      24356 |      438 |    4 |   n |   0.90 |    1407 |      3.38 |      3.40 |
|    12 |      12426 |      836 |    4 |   n |   0.92 |    1407 |      3.40 |      3.43 |
|    11 |      27814 |      629 |    4 |   n |   0.92 |    1407 |      3.45 |      3.47 |
|    10 |      28766 |      898 |    5 |   n |   0.92 |    1407 |      3.50 |      3.53 |
|     9 |      15010 |      311 |    4 |   n |   0.89 |    1407 |      3.53 |      3.55 |
|     8 |       4697 |      680 |    4 |   n |   0.92 |    1407 |      3.54 |      3.57 |
|     7 |      13217 |      564 |    4 |   n |   0.91 |    1407 |      3.56 |      3.59 |
|     6 |      22129 |      885 |    5 |   n |   0.92 |    1407 |      3.60 |      3.63 |
|     5 |      23312 |      357 |    4 |   n |   0.90 |    1407 |      3.64 |      3.66 |
|     4 |      11301 |      877 |    5 |   n |   0.92 |    1407 |      3.66 |      3.69 |
|     3 |      21937 |      519 |    4 |   n |   0.91 |    1407 |      3.70 |      3.72 |
|     2 |      11799 |      912 |    4 |   n |   0.93 |    1407 |      3.72 |      3.75 |
|     1 |       6764 |       76 |    3 |   n |   0.71 |    1407 |      3.73 |      3.76 |

sum of inequalities over all iterations : 136387
maximal number of inequalities          :   1104

transformation to integer values 
sorting system 

number of equations    :    0 
number of inequalities :   76 

output written to file hypercube.poi.ieq

